The target system is: Linux -  - arm
The host system is: Linux - 4.15.0-142-generic - x86_64
Compiling the C compiler identification source file "CMakeCCompilerId.c" succeeded.
Compiler: /usr/local/arm/gcc-linaro-4.9.4-2017.01-x86_64_arm-linux-gnueabihf/bin/arm-linux-gnueabihf-gcc 
Build flags: 
Id flags: 

The output was:
0


Compilation of the C compiler identification source "CMakeCCompilerId.c" produced "a.out"

The C compiler identification is GNU, found in "/home/py/linux_drivers/tinykernel-lab/build/CMakeFiles/3.5.1/CompilerIdC/a.out"

Determining if the C compiler works passed with the following output:
Change Dir: /home/py/linux_drivers/tinykernel-lab/build/CMakeFiles/CMakeTmp

Run Build Command:"/usr/bin/make" "cmTC_c4627/fast"
make[1]: Entering directory '/home/py/linux_drivers/tinykernel-lab/build/CMakeFiles/CMakeTmp'
/usr/bin/make -f CMakeFiles/cmTC_c4627.dir/build.make CMakeFiles/cmTC_c4627.dir/build
make[2]: Entering directory '/home/py/linux_drivers/tinykernel-lab/build/CMakeFiles/CMakeTmp'
Building C object CMakeFiles/cmTC_c4627.dir/testCCompiler.c.o
/usr/local/arm/gcc-linaro-4.9.4-2017.01-x86_64_arm-linux-gnueabihf/bin/arm-linux-gnueabihf-gcc  --sysroot=/usr/local/arm/gcc-linaro-4.9.4-2017.01-x86_64_arm-linux-gnueabihf/arm-linux-gnueabihf/libc   -march=armv7-a -mtune=cortex-a7 -mfpu=neon -mfloat-abi=hard -o CMakeFiles/cmTC_c4627.dir/testCCompiler.c.o   -c /home/py/linux_drivers/tinykernel-lab/build/CMakeFiles/CMakeTmp/testCCompiler.c
Linking C executable cmTC_c4627
/usr/bin/cmake -E cmake_link_script CMakeFiles/cmTC_c4627.dir/link.txt --verbose=1
/usr/local/arm/gcc-linaro-4.9.4-2017.01-x86_64_arm-linux-gnueabihf/bin/arm-linux-gnueabihf-gcc  --sysroot=/usr/local/arm/gcc-linaro-4.9.4-2017.01-x86_64_arm-linux-gnueabihf/arm-linux-gnueabihf/libc      CMakeFiles/cmTC_c4627.dir/testCCompiler.c.o  -o cmTC_c4627 
make[2]: Leaving directory '/home/py/linux_drivers/tinykernel-lab/build/CMakeFiles/CMakeTmp'
make[1]: Leaving directory '/home/py/linux_drivers/tinykernel-lab/build/CMakeFiles/CMakeTmp'


Detecting C compiler ABI info compiled with the following output:
Change Dir: /home/py/linux_drivers/tinykernel-lab/build/CMakeFiles/CMakeTmp

Run Build Command:"/usr/bin/make" "cmTC_6e49b/fast"
make[1]: Entering directory '/home/py/linux_drivers/tinykernel-lab/build/CMakeFiles/CMakeTmp'
/usr/bin/make -f CMakeFiles/cmTC_6e49b.dir/build.make CMakeFiles/cmTC_6e49b.dir/build
make[2]: Entering directory '/home/py/linux_drivers/tinykernel-lab/build/CMakeFiles/CMakeTmp'
Building C object CMakeFiles/cmTC_6e49b.dir/CMakeCCompilerABI.c.o
/usr/local/arm/gcc-linaro-4.9.4-2017.01-x86_64_arm-linux-gnueabihf/bin/arm-linux-gnueabihf-gcc  --sysroot=/usr/local/arm/gcc-linaro-4.9.4-2017.01-x86_64_arm-linux-gnueabihf/arm-linux-gnueabihf/libc   -march=armv7-a -mtune=cortex-a7 -mfpu=neon -mfloat-abi=hard -o CMakeFiles/cmTC_6e49b.dir/CMakeCCompilerABI.c.o   -c /usr/share/cmake-3.5/Modules/CMakeCCompilerABI.c
Linking C executable cmTC_6e49b
/usr/bin/cmake -E cmake_link_script CMakeFiles/cmTC_6e49b.dir/link.txt --verbose=1
/usr/local/arm/gcc-linaro-4.9.4-2017.01-x86_64_arm-linux-gnueabihf/bin/arm-linux-gnueabihf-gcc  --sysroot=/usr/local/arm/gcc-linaro-4.9.4-2017.01-x86_64_arm-linux-gnueabihf/arm-linux-gnueabihf/libc     -v CMakeFiles/cmTC_6e49b.dir/CMakeCCompilerABI.c.o  -o cmTC_6e49b  
Using built-in specs.
COLLECT_GCC=/usr/local/arm/gcc-linaro-4.9.4-2017.01-x86_64_arm-linux-gnueabihf/bin/arm-linux-gnueabihf-gcc
COLLECT_LTO_WRAPPER=/usr/local/arm/gcc-linaro-4.9.4-2017.01-x86_64_arm-linux-gnueabihf/bin/../libexec/gcc/arm-linux-gnueabihf/4.9.4/lto-wrapper
Target: arm-linux-gnueabihf
Configured with: /home/tcwg-buildslave/workspace/tcwg-make-release/label/docker-trusty-amd64-tcwg-build/target/arm-linux-gnueabihf/snapshots/gcc-linaro-4.9-2017.01/configure SHELL=/bin/bash --with-mpc=/home/tcwg-buildslave/workspace/tcwg-make-release/label/docker-trusty-amd64-tcwg-build/target/arm-linux-gnueabihf/_build/builds/destdir/x86_64-unknown-linux-gnu --with-mpfr=/home/tcwg-buildslave/workspace/tcwg-make-release/label/docker-trusty-amd64-tcwg-build/target/arm-linux-gnueabihf/_build/builds/destdir/x86_64-unknown-linux-gnu --with-gmp=/home/tcwg-buildslave/workspace/tcwg-make-release/label/docker-trusty-amd64-tcwg-build/target/arm-linux-gnueabihf/_build/builds/destdir/x86_64-unknown-linux-gnu --with-gnu-as --with-gnu-ld --disable-libmudflap --enable-lto --enable-objc-gc --enable-shared --without-included-gettext --enable-nls --disable-sjlj-exceptions --enable-gnu-unique-object --enable-linker-build-id --disable-libstdcxx-pch --enable-c99 --enable-clocale=gnu --enable-libstdcxx-debug --enable-long-long --with-cloog=no --with-ppl=no --with-isl=no --disable-multilib --with-float=hard --with-mode=thumb --with-tune=cortex-a9 --with-arch=armv7-a --with-fpu=vfpv3-d16 --enable-threads=posix --enable-multiarch --enable-libstdcxx-time=yes --with-build-sysroot=/home/tcwg-buildslave/workspace/tcwg-make-release/label/docker-trusty-amd64-tcwg-build/target/arm-linux-gnueabihf/_build/sysroots/arm-linux-gnueabihf --with-sysroot=/home/tcwg-buildslave/workspace/tcwg-make-release/label/docker-trusty-amd64-tcwg-build/target/arm-linux-gnueabihf/_build/builds/destdir/x86_64-unknown-linux-gnu/arm-linux-gnueabihf/libc --enable-checking=release --disable-bootstrap --enable-languages=c,c++,fortran,lto --build=x86_64-unknown-linux-gnu --host=x86_64-unknown-linux-gnu --target=arm-linux-gnueabihf --prefix=/home/tcwg-buildslave/workspace/tcwg-make-release/label/docker-trusty-amd64-tcwg-build/target/arm-linux-gnueabihf/_build/builds/destdir/x86_64-unknown-linux-gnu
Thread model: posix
gcc version 4.9.4 (Linaro GCC 4.9-2017.01) 
COMPILER_PATH=/usr/local/arm/gcc-linaro-4.9.4-2017.01-x86_64_arm-linux-gnueabihf/bin/../libexec/gcc/arm-linux-gnueabihf/4.9.4/:/usr/local/arm/gcc-linaro-4.9.4-2017.01-x86_64_arm-linux-gnueabihf/bin/../libexec/gcc/arm-linux-gnueabihf/:/usr/local/arm/gcc-linaro-4.9.4-2017.01-x86_64_arm-linux-gnueabihf/bin/../libexec/gcc/:/usr/local/arm/gcc-linaro-4.9.4-2017.01-x86_64_arm-linux-gnueabihf/bin/../lib/gcc/arm-linux-gnueabihf/4.9.4/../../../../arm-linux-gnueabihf/bin/
LIBRARY_PATH=/usr/local/arm/gcc-linaro-4.9.4-2017.01-x86_64_arm-linux-gnueabihf/bin/../lib/gcc/arm-linux-gnueabihf/4.9.4/:/usr/local/arm/gcc-linaro-4.9.4-2017.01-x86_64_arm-linux-gnueabihf/bin/../lib/gcc/arm-linux-gnueabihf/:/usr/local/arm/gcc-linaro-4.9.4-2017.01-x86_64_arm-linux-gnueabihf/bin/../lib/gcc/:/usr/local/arm/gcc-linaro-4.9.4-2017.01-x86_64_arm-linux-gnueabihf/bin/../lib/gcc/arm-linux-gnueabihf/4.9.4/../../../../arm-linux-gnueabihf/lib/:/usr/local/arm/gcc-linaro-4.9.4-2017.01-x86_64_arm-linux-gnueabihf/arm-linux-gnueabihf/libc/lib/:/usr/local/arm/gcc-linaro-4.9.4-2017.01-x86_64_arm-linux-gnueabihf/arm-linux-gnueabihf/libc/usr/lib/
COLLECT_GCC_OPTIONS='-v' '-o' 'cmTC_6e49b' '-march=armv7-a' '-mtune=cortex-a9' '-mfloat-abi=hard' '-mfpu=vfpv3-d16' '-mthumb' '-mtls-dialect=gnu'
 /usr/local/arm/gcc-linaro-4.9.4-2017.01-x86_64_arm-linux-gnueabihf/bin/../libexec/gcc/arm-linux-gnueabihf/4.9.4/collect2 -plugin /usr/local/arm/gcc-linaro-4.9.4-2017.01-x86_64_arm-linux-gnueabihf/bin/../libexec/gcc/arm-linux-gnueabihf/4.9.4/liblto_plugin.so -plugin-opt=/usr/local/arm/gcc-linaro-4.9.4-2017.01-x86_64_arm-linux-gnueabihf/bin/../libexec/gcc/arm-linux-gnueabihf/4.9.4/lto-wrapper -plugin-opt=-fresolution=/tmp/cc7QxyuV.res -plugin-opt=-pass-through=-lgcc -plugin-opt=-pass-through=-lgcc_s -plugin-opt=-pass-through=-lc -plugin-opt=-pass-through=-lgcc -plugin-opt=-pass-through=-lgcc_s --sysroot=/usr/local/arm/gcc-linaro-4.9.4-2017.01-x86_64_arm-linux-gnueabihf/arm-linux-gnueabihf/libc --build-id --eh-frame-hdr -dynamic-linker /lib/ld-linux-armhf.so.3 -X -m armelf_linux_eabi -o cmTC_6e49b /usr/local/arm/gcc-linaro-4.9.4-2017.01-x86_64_arm-linux-gnueabihf/arm-linux-gnueabihf/libc/usr/lib/crt1.o /usr/local/arm/gcc-linaro-4.9.4-2017.01-x86_64_arm-linux-gnueabihf/arm-linux-gnueabihf/libc/usr/lib/crti.o /usr/local/arm/gcc-linaro-4.9.4-2017.01-x86_64_arm-linux-gnueabihf/bin/../lib/gcc/arm-linux-gnueabihf/4.9.4/crtbegin.o -L/usr/local/arm/gcc-linaro-4.9.4-2017.01-x86_64_arm-linux-gnueabihf/bin/../lib/gcc/arm-linux-gnueabihf/4.9.4 -L/usr/local/arm/gcc-linaro-4.9.4-2017.01-x86_64_arm-linux-gnueabihf/bin/../lib/gcc/arm-linux-gnueabihf -L/usr/local/arm/gcc-linaro-4.9.4-2017.01-x86_64_arm-linux-gnueabihf/bin/../lib/gcc -L/usr/local/arm/gcc-linaro-4.9.4-2017.01-x86_64_arm-linux-gnueabihf/bin/../lib/gcc/arm-linux-gnueabihf/4.9.4/../../../../arm-linux-gnueabihf/lib -L/usr/local/arm/gcc-linaro-4.9.4-2017.01-x86_64_arm-linux-gnueabihf/arm-linux-gnueabihf/libc/lib -L/usr/local/arm/gcc-linaro-4.9.4-2017.01-x86_64_arm-linux-gnueabihf/arm-linux-gnueabihf/libc/usr/lib CMakeFiles/cmTC_6e49b.dir/CMakeCCompilerABI.c.o -lgcc --as-needed -lgcc_s --no-as-needed -lc -lgcc --as-needed -lgcc_s --no-as-needed /usr/local/arm/gcc-linaro-4.9.4-2017.01-x86_64_arm-linux-gnueabihf/bin/../lib/gcc/arm-linux-gnueabihf/4.9.4/crtend.o /usr/local/arm/gcc-linaro-4.9.4-2017.01-x86_64_arm-linux-gnueabihf/arm-linux-gnueabihf/libc/usr/lib/crtn.o
make[2]: Leaving directory '/home/py/linux_drivers/tinykernel-lab/build/CMakeFiles/CMakeTmp'
make[1]: Leaving directory '/home/py/linux_drivers/tinykernel-lab/build/CMakeFiles/CMakeTmp'


Parsed C implicit link information from above output:
  link line regex: [^( *|.*[/\])(arm-linux-gnueabihf-ld|([^/\]+-)?ld|collect2)[^/\]*( |$)]
  ignore line: [Change Dir: /home/py/linux_drivers/tinykernel-lab/build/CMakeFiles/CMakeTmp]
  ignore line: []
  ignore line: [Run Build Command:"/usr/bin/make" "cmTC_6e49b/fast"]
  ignore line: [make[1]: Entering directory '/home/py/linux_drivers/tinykernel-lab/build/CMakeFiles/CMakeTmp']
  ignore line: [/usr/bin/make -f CMakeFiles/cmTC_6e49b.dir/build.make CMakeFiles/cmTC_6e49b.dir/build]
  ignore line: [make[2]: Entering directory '/home/py/linux_drivers/tinykernel-lab/build/CMakeFiles/CMakeTmp']
  ignore line: [Building C object CMakeFiles/cmTC_6e49b.dir/CMakeCCompilerABI.c.o]
  ignore line: [/usr/local/arm/gcc-linaro-4.9.4-2017.01-x86_64_arm-linux-gnueabihf/bin/arm-linux-gnueabihf-gcc  --sysroot=/usr/local/arm/gcc-linaro-4.9.4-2017.01-x86_64_arm-linux-gnueabihf/arm-linux-gnueabihf/libc   -march=armv7-a -mtune=cortex-a7 -mfpu=neon -mfloat-abi=hard -o CMakeFiles/cmTC_6e49b.dir/CMakeCCompilerABI.c.o   -c /usr/share/cmake-3.5/Modules/CMakeCCompilerABI.c]
  ignore line: [Linking C executable cmTC_6e49b]
  ignore line: [/usr/bin/cmake -E cmake_link_script CMakeFiles/cmTC_6e49b.dir/link.txt --verbose=1]
  ignore line: [/usr/local/arm/gcc-linaro-4.9.4-2017.01-x86_64_arm-linux-gnueabihf/bin/arm-linux-gnueabihf-gcc  --sysroot=/usr/local/arm/gcc-linaro-4.9.4-2017.01-x86_64_arm-linux-gnueabihf/arm-linux-gnueabihf/libc     -v CMakeFiles/cmTC_6e49b.dir/CMakeCCompilerABI.c.o  -o cmTC_6e49b  ]
  ignore line: [Using built-in specs.]
  ignore line: [COLLECT_GCC=/usr/local/arm/gcc-linaro-4.9.4-2017.01-x86_64_arm-linux-gnueabihf/bin/arm-linux-gnueabihf-gcc]
  ignore line: [COLLECT_LTO_WRAPPER=/usr/local/arm/gcc-linaro-4.9.4-2017.01-x86_64_arm-linux-gnueabihf/bin/../libexec/gcc/arm-linux-gnueabihf/4.9.4/lto-wrapper]
  ignore line: [Target: arm-linux-gnueabihf]
  ignore line: [Configured with: /home/tcwg-buildslave/workspace/tcwg-make-release/label/docker-trusty-amd64-tcwg-build/target/arm-linux-gnueabihf/snapshots/gcc-linaro-4.9-2017.01/configure SHELL=/bin/bash --with-mpc=/home/tcwg-buildslave/workspace/tcwg-make-release/label/docker-trusty-amd64-tcwg-build/target/arm-linux-gnueabihf/_build/builds/destdir/x86_64-unknown-linux-gnu --with-mpfr=/home/tcwg-buildslave/workspace/tcwg-make-release/label/docker-trusty-amd64-tcwg-build/target/arm-linux-gnueabihf/_build/builds/destdir/x86_64-unknown-linux-gnu --with-gmp=/home/tcwg-buildslave/workspace/tcwg-make-release/label/docker-trusty-amd64-tcwg-build/target/arm-linux-gnueabihf/_build/builds/destdir/x86_64-unknown-linux-gnu --with-gnu-as --with-gnu-ld --disable-libmudflap --enable-lto --enable-objc-gc --enable-shared --without-included-gettext --enable-nls --disable-sjlj-exceptions --enable-gnu-unique-object --enable-linker-build-id --disable-libstdcxx-pch --enable-c99 --enable-clocale=gnu --enable-libstdcxx-debug --enable-long-long --with-cloog=no --with-ppl=no --with-isl=no --disable-multilib --with-float=hard --with-mode=thumb --with-tune=cortex-a9 --with-arch=armv7-a --with-fpu=vfpv3-d16 --enable-threads=posix --enable-multiarch --enable-libstdcxx-time=yes --with-build-sysroot=/home/tcwg-buildslave/workspace/tcwg-make-release/label/docker-trusty-amd64-tcwg-build/target/arm-linux-gnueabihf/_build/sysroots/arm-linux-gnueabihf --with-sysroot=/home/tcwg-buildslave/workspace/tcwg-make-release/label/docker-trusty-amd64-tcwg-build/target/arm-linux-gnueabihf/_build/builds/destdir/x86_64-unknown-linux-gnu/arm-linux-gnueabihf/libc --enable-checking=release --disable-bootstrap --enable-languages=c,c++,fortran,lto --build=x86_64-unknown-linux-gnu --host=x86_64-unknown-linux-gnu --target=arm-linux-gnueabihf --prefix=/home/tcwg-buildslave/workspace/tcwg-make-release/label/docker-trusty-amd64-tcwg-build/target/arm-linux-gnueabihf/_build/builds/destdir/x86_64-unknown-linux-gnu]
  ignore line: [Thread model: posix]
  ignore line: [gcc version 4.9.4 (Linaro GCC 4.9-2017.01) ]
  ignore line: [COMPILER_PATH=/usr/local/arm/gcc-linaro-4.9.4-2017.01-x86_64_arm-linux-gnueabihf/bin/../libexec/gcc/arm-linux-gnueabihf/4.9.4/:/usr/local/arm/gcc-linaro-4.9.4-2017.01-x86_64_arm-linux-gnueabihf/bin/../libexec/gcc/arm-linux-gnueabihf/:/usr/local/arm/gcc-linaro-4.9.4-2017.01-x86_64_arm-linux-gnueabihf/bin/../libexec/gcc/:/usr/local/arm/gcc-linaro-4.9.4-2017.01-x86_64_arm-linux-gnueabihf/bin/../lib/gcc/arm-linux-gnueabihf/4.9.4/../../../../arm-linux-gnueabihf/bin/]
  ignore line: [LIBRARY_PATH=/usr/local/arm/gcc-linaro-4.9.4-2017.01-x86_64_arm-linux-gnueabihf/bin/../lib/gcc/arm-linux-gnueabihf/4.9.4/:/usr/local/arm/gcc-linaro-4.9.4-2017.01-x86_64_arm-linux-gnueabihf/bin/../lib/gcc/arm-linux-gnueabihf/:/usr/local/arm/gcc-linaro-4.9.4-2017.01-x86_64_arm-linux-gnueabihf/bin/../lib/gcc/:/usr/local/arm/gcc-linaro-4.9.4-2017.01-x86_64_arm-linux-gnueabihf/bin/../lib/gcc/arm-linux-gnueabihf/4.9.4/../../../../arm-linux-gnueabihf/lib/:/usr/local/arm/gcc-linaro-4.9.4-2017.01-x86_64_arm-linux-gnueabihf/arm-linux-gnueabihf/libc/lib/:/usr/local/arm/gcc-linaro-4.9.4-2017.01-x86_64_arm-linux-gnueabihf/arm-linux-gnueabihf/libc/usr/lib/]
  ignore line: [COLLECT_GCC_OPTIONS='-v' '-o' 'cmTC_6e49b' '-march=armv7-a' '-mtune=cortex-a9' '-mfloat-abi=hard' '-mfpu=vfpv3-d16' '-mthumb' '-mtls-dialect=gnu']
  link line: [ /usr/local/arm/gcc-linaro-4.9.4-2017.01-x86_64_arm-linux-gnueabihf/bin/../libexec/gcc/arm-linux-gnueabihf/4.9.4/collect2 -plugin /usr/local/arm/gcc-linaro-4.9.4-2017.01-x86_64_arm-linux-gnueabihf/bin/../libexec/gcc/arm-linux-gnueabihf/4.9.4/liblto_plugin.so -plugin-opt=/usr/local/arm/gcc-linaro-4.9.4-2017.01-x86_64_arm-linux-gnueabihf/bin/../libexec/gcc/arm-linux-gnueabihf/4.9.4/lto-wrapper -plugin-opt=-fresolution=/tmp/cc7QxyuV.res -plugin-opt=-pass-through=-lgcc -plugin-opt=-pass-through=-lgcc_s -plugin-opt=-pass-through=-lc -plugin-opt=-pass-through=-lgcc -plugin-opt=-pass-through=-lgcc_s --sysroot=/usr/local/arm/gcc-linaro-4.9.4-2017.01-x86_64_arm-linux-gnueabihf/arm-linux-gnueabihf/libc --build-id --eh-frame-hdr -dynamic-linker /lib/ld-linux-armhf.so.3 -X -m armelf_linux_eabi -o cmTC_6e49b /usr/local/arm/gcc-linaro-4.9.4-2017.01-x86_64_arm-linux-gnueabihf/arm-linux-gnueabihf/libc/usr/lib/crt1.o /usr/local/arm/gcc-linaro-4.9.4-2017.01-x86_64_arm-linux-gnueabihf/arm-linux-gnueabihf/libc/usr/lib/crti.o /usr/local/arm/gcc-linaro-4.9.4-2017.01-x86_64_arm-linux-gnueabihf/bin/../lib/gcc/arm-linux-gnueabihf/4.9.4/crtbegin.o -L/usr/local/arm/gcc-linaro-4.9.4-2017.01-x86_64_arm-linux-gnueabihf/bin/../lib/gcc/arm-linux-gnueabihf/4.9.4 -L/usr/local/arm/gcc-linaro-4.9.4-2017.01-x86_64_arm-linux-gnueabihf/bin/../lib/gcc/arm-linux-gnueabihf -L/usr/local/arm/gcc-linaro-4.9.4-2017.01-x86_64_arm-linux-gnueabihf/bin/../lib/gcc -L/usr/local/arm/gcc-linaro-4.9.4-2017.01-x86_64_arm-linux-gnueabihf/bin/../lib/gcc/arm-linux-gnueabihf/4.9.4/../../../../arm-linux-gnueabihf/lib -L/usr/local/arm/gcc-linaro-4.9.4-2017.01-x86_64_arm-linux-gnueabihf/arm-linux-gnueabihf/libc/lib -L/usr/local/arm/gcc-linaro-4.9.4-2017.01-x86_64_arm-linux-gnueabihf/arm-linux-gnueabihf/libc/usr/lib CMakeFiles/cmTC_6e49b.dir/CMakeCCompilerABI.c.o -lgcc --as-needed -lgcc_s --no-as-needed -lc -lgcc --as-needed -lgcc_s --no-as-needed /usr/local/arm/gcc-linaro-4.9.4-2017.01-x86_64_arm-linux-gnueabihf/bin/../lib/gcc/arm-linux-gnueabihf/4.9.4/crtend.o /usr/local/arm/gcc-linaro-4.9.4-2017.01-x86_64_arm-linux-gnueabihf/arm-linux-gnueabihf/libc/usr/lib/crtn.o]
    arg [/usr/local/arm/gcc-linaro-4.9.4-2017.01-x86_64_arm-linux-gnueabihf/bin/../libexec/gcc/arm-linux-gnueabihf/4.9.4/collect2] ==> ignore
    arg [-plugin] ==> ignore
    arg [/usr/local/arm/gcc-linaro-4.9.4-2017.01-x86_64_arm-linux-gnueabihf/bin/../libexec/gcc/arm-linux-gnueabihf/4.9.4/liblto_plugin.so] ==> ignore
    arg [-plugin-opt=/usr/local/arm/gcc-linaro-4.9.4-2017.01-x86_64_arm-linux-gnueabihf/bin/../libexec/gcc/arm-linux-gnueabihf/4.9.4/lto-wrapper] ==> ignore
    arg [-plugin-opt=-fresolution=/tmp/cc7QxyuV.res] ==> ignore
    arg [-plugin-opt=-pass-through=-lgcc] ==> ignore
    arg [-plugin-opt=-pass-through=-lgcc_s] ==> ignore
    arg [-plugin-opt=-pass-through=-lc] ==> ignore
    arg [-plugin-opt=-pass-through=-lgcc] ==> ignore
    arg [-plugin-opt=-pass-through=-lgcc_s] ==> ignore
    arg [--sysroot=/usr/local/arm/gcc-linaro-4.9.4-2017.01-x86_64_arm-linux-gnueabihf/arm-linux-gnueabihf/libc] ==> ignore
    arg [--build-id] ==> ignore
    arg [--eh-frame-hdr] ==> ignore
    arg [-dynamic-linker] ==> ignore
    arg [/lib/ld-linux-armhf.so.3] ==> ignore
    arg [-X] ==> ignore
    arg [-m] ==> ignore
    arg [armelf_linux_eabi] ==> ignore
    arg [-o] ==> ignore
    arg [cmTC_6e49b] ==> ignore
    arg [/usr/local/arm/gcc-linaro-4.9.4-2017.01-x86_64_arm-linux-gnueabihf/arm-linux-gnueabihf/libc/usr/lib/crt1.o] ==> ignore
    arg [/usr/local/arm/gcc-linaro-4.9.4-2017.01-x86_64_arm-linux-gnueabihf/arm-linux-gnueabihf/libc/usr/lib/crti.o] ==> ignore
    arg [/usr/local/arm/gcc-linaro-4.9.4-2017.01-x86_64_arm-linux-gnueabihf/bin/../lib/gcc/arm-linux-gnueabihf/4.9.4/crtbegin.o] ==> ignore
    arg [-L/usr/local/arm/gcc-linaro-4.9.4-2017.01-x86_64_arm-linux-gnueabihf/bin/../lib/gcc/arm-linux-gnueabihf/4.9.4] ==> dir [/usr/local/arm/gcc-linaro-4.9.4-2017.01-x86_64_arm-linux-gnueabihf/bin/../lib/gcc/arm-linux-gnueabihf/4.9.4]
    arg [-L/usr/local/arm/gcc-linaro-4.9.4-2017.01-x86_64_arm-linux-gnueabihf/bin/../lib/gcc/arm-linux-gnueabihf] ==> dir [/usr/local/arm/gcc-linaro-4.9.4-2017.01-x86_64_arm-linux-gnueabihf/bin/../lib/gcc/arm-linux-gnueabihf]
    arg [-L/usr/local/arm/gcc-linaro-4.9.4-2017.01-x86_64_arm-linux-gnueabihf/bin/../lib/gcc] ==> dir [/usr/local/arm/gcc-linaro-4.9.4-2017.01-x86_64_arm-linux-gnueabihf/bin/../lib/gcc]
    arg [-L/usr/local/arm/gcc-linaro-4.9.4-2017.01-x86_64_arm-linux-gnueabihf/bin/../lib/gcc/arm-linux-gnueabihf/4.9.4/../../../../arm-linux-gnueabihf/lib] ==> dir [/usr/local/arm/gcc-linaro-4.9.4-2017.01-x86_64_arm-linux-gnueabihf/bin/../lib/gcc/arm-linux-gnueabihf/4.9.4/../../../../arm-linux-gnueabihf/lib]
    arg [-L/usr/local/arm/gcc-linaro-4.9.4-2017.01-x86_64_arm-linux-gnueabihf/arm-linux-gnueabihf/libc/lib] ==> dir [/usr/local/arm/gcc-linaro-4.9.4-2017.01-x86_64_arm-linux-gnueabihf/arm-linux-gnueabihf/libc/lib]
    arg [-L/usr/local/arm/gcc-linaro-4.9.4-2017.01-x86_64_arm-linux-gnueabihf/arm-linux-gnueabihf/libc/usr/lib] ==> dir [/usr/local/arm/gcc-linaro-4.9.4-2017.01-x86_64_arm-linux-gnueabihf/arm-linux-gnueabihf/libc/usr/lib]
    arg [CMakeFiles/cmTC_6e49b.dir/CMakeCCompilerABI.c.o] ==> ignore
    arg [-lgcc] ==> lib [gcc]
    arg [--as-needed] ==> ignore
    arg [-lgcc_s] ==> lib [gcc_s]
    arg [--no-as-needed] ==> ignore
    arg [-lc] ==> lib [c]
    arg [-lgcc] ==> lib [gcc]
    arg [--as-needed] ==> ignore
    arg [-lgcc_s] ==> lib [gcc_s]
    arg [--no-as-needed] ==> ignore
    arg [/usr/local/arm/gcc-linaro-4.9.4-2017.01-x86_64_arm-linux-gnueabihf/bin/../lib/gcc/arm-linux-gnueabihf/4.9.4/crtend.o] ==> ignore
    arg [/usr/local/arm/gcc-linaro-4.9.4-2017.01-x86_64_arm-linux-gnueabihf/arm-linux-gnueabihf/libc/usr/lib/crtn.o] ==> ignore
  remove lib [gcc]
  remove lib [gcc_s]
  remove lib [gcc]
  remove lib [gcc_s]
  collapse library dir [/usr/local/arm/gcc-linaro-4.9.4-2017.01-x86_64_arm-linux-gnueabihf/bin/../lib/gcc/arm-linux-gnueabihf/4.9.4] ==> [/usr/local/arm/gcc-linaro-4.9.4-2017.01-x86_64_arm-linux-gnueabihf/lib/gcc/arm-linux-gnueabihf/4.9.4]
  collapse library dir [/usr/local/arm/gcc-linaro-4.9.4-2017.01-x86_64_arm-linux-gnueabihf/bin/../lib/gcc/arm-linux-gnueabihf] ==> [/usr/local/arm/gcc-linaro-4.9.4-2017.01-x86_64_arm-linux-gnueabihf/lib/gcc/arm-linux-gnueabihf]
  collapse library dir [/usr/local/arm/gcc-linaro-4.9.4-2017.01-x86_64_arm-linux-gnueabihf/bin/../lib/gcc] ==> [/usr/local/arm/gcc-linaro-4.9.4-2017.01-x86_64_arm-linux-gnueabihf/lib/gcc]
  collapse library dir [/usr/local/arm/gcc-linaro-4.9.4-2017.01-x86_64_arm-linux-gnueabihf/bin/../lib/gcc/arm-linux-gnueabihf/4.9.4/../../../../arm-linux-gnueabihf/lib] ==> [/usr/local/arm/gcc-linaro-4.9.4-2017.01-x86_64_arm-linux-gnueabihf/arm-linux-gnueabihf/lib]
  collapse library dir [/usr/local/arm/gcc-linaro-4.9.4-2017.01-x86_64_arm-linux-gnueabihf/arm-linux-gnueabihf/libc/lib] ==> [/usr/local/arm/gcc-linaro-4.9.4-2017.01-x86_64_arm-linux-gnueabihf/arm-linux-gnueabihf/libc/lib]
  collapse library dir [/usr/local/arm/gcc-linaro-4.9.4-2017.01-x86_64_arm-linux-gnueabihf/arm-linux-gnueabihf/libc/usr/lib] ==> [/usr/local/arm/gcc-linaro-4.9.4-2017.01-x86_64_arm-linux-gnueabihf/arm-linux-gnueabihf/libc/usr/lib]
  implicit libs: [c]
  implicit dirs: [/usr/local/arm/gcc-linaro-4.9.4-2017.01-x86_64_arm-linux-gnueabihf/lib/gcc/arm-linux-gnueabihf/4.9.4;/usr/local/arm/gcc-linaro-4.9.4-2017.01-x86_64_arm-linux-gnueabihf/lib/gcc/arm-linux-gnueabihf;/usr/local/arm/gcc-linaro-4.9.4-2017.01-x86_64_arm-linux-gnueabihf/lib/gcc;/usr/local/arm/gcc-linaro-4.9.4-2017.01-x86_64_arm-linux-gnueabihf/arm-linux-gnueabihf/lib;/usr/local/arm/gcc-linaro-4.9.4-2017.01-x86_64_arm-linux-gnueabihf/arm-linux-gnueabihf/libc/lib;/usr/local/arm/gcc-linaro-4.9.4-2017.01-x86_64_arm-linux-gnueabihf/arm-linux-gnueabihf/libc/usr/lib]
  implicit fwks: []




Detecting C [-std=c11] compiler features compiled with the following output:
Change Dir: /home/py/linux_drivers/tinykernel-lab/build/CMakeFiles/CMakeTmp

Run Build Command:"/usr/bin/make" "cmTC_65ac2/fast"
make[1]: Entering directory '/home/py/linux_drivers/tinykernel-lab/build/CMakeFiles/CMakeTmp'
/usr/bin/make -f CMakeFiles/cmTC_65ac2.dir/build.make CMakeFiles/cmTC_65ac2.dir/build
make[2]: Entering directory '/home/py/linux_drivers/tinykernel-lab/build/CMakeFiles/CMakeTmp'
Building C object CMakeFiles/cmTC_65ac2.dir/feature_tests.c.o
/usr/local/arm/gcc-linaro-4.9.4-2017.01-x86_64_arm-linux-gnueabihf/bin/arm-linux-gnueabihf-gcc  --sysroot=/usr/local/arm/gcc-linaro-4.9.4-2017.01-x86_64_arm-linux-gnueabihf/arm-linux-gnueabihf/libc   -std=c11 -march=armv7-a -mtune=cortex-a7 -mfpu=neon -mfloat-abi=hard -o CMakeFiles/cmTC_65ac2.dir/feature_tests.c.o   -c /home/py/linux_drivers/tinykernel-lab/build/CMakeFiles/feature_tests.c
Linking C executable cmTC_65ac2
/usr/bin/cmake -E cmake_link_script CMakeFiles/cmTC_65ac2.dir/link.txt --verbose=1
/usr/local/arm/gcc-linaro-4.9.4-2017.01-x86_64_arm-linux-gnueabihf/bin/arm-linux-gnueabihf-gcc  --sysroot=/usr/local/arm/gcc-linaro-4.9.4-2017.01-x86_64_arm-linux-gnueabihf/arm-linux-gnueabihf/libc      CMakeFiles/cmTC_65ac2.dir/feature_tests.c.o  -o cmTC_65ac2 
make[2]: Leaving directory '/home/py/linux_drivers/tinykernel-lab/build/CMakeFiles/CMakeTmp'
make[1]: Leaving directory '/home/py/linux_drivers/tinykernel-lab/build/CMakeFiles/CMakeTmp'


    Feature record: C_FEATURE:1c_function_prototypes
    Feature record: C_FEATURE:1c_restrict
    Feature record: C_FEATURE:1c_static_assert
    Feature record: C_FEATURE:1c_variadic_macros


Detecting C [-std=c99] compiler features compiled with the following output:
Change Dir: /home/py/linux_drivers/tinykernel-lab/build/CMakeFiles/CMakeTmp

Run Build Command:"/usr/bin/make" "cmTC_9ff62/fast"
make[1]: Entering directory '/home/py/linux_drivers/tinykernel-lab/build/CMakeFiles/CMakeTmp'
/usr/bin/make -f CMakeFiles/cmTC_9ff62.dir/build.make CMakeFiles/cmTC_9ff62.dir/build
make[2]: Entering directory '/home/py/linux_drivers/tinykernel-lab/build/CMakeFiles/CMakeTmp'
Building C object CMakeFiles/cmTC_9ff62.dir/feature_tests.c.o
/usr/local/arm/gcc-linaro-4.9.4-2017.01-x86_64_arm-linux-gnueabihf/bin/arm-linux-gnueabihf-gcc  --sysroot=/usr/local/arm/gcc-linaro-4.9.4-2017.01-x86_64_arm-linux-gnueabihf/arm-linux-gnueabihf/libc   -std=c99 -march=armv7-a -mtune=cortex-a7 -mfpu=neon -mfloat-abi=hard -o CMakeFiles/cmTC_9ff62.dir/feature_tests.c.o   -c /home/py/linux_drivers/tinykernel-lab/build/CMakeFiles/feature_tests.c
Linking C executable cmTC_9ff62
/usr/bin/cmake -E cmake_link_script CMakeFiles/cmTC_9ff62.dir/link.txt --verbose=1
/usr/local/arm/gcc-linaro-4.9.4-2017.01-x86_64_arm-linux-gnueabihf/bin/arm-linux-gnueabihf-gcc  --sysroot=/usr/local/arm/gcc-linaro-4.9.4-2017.01-x86_64_arm-linux-gnueabihf/arm-linux-gnueabihf/libc      CMakeFiles/cmTC_9ff62.dir/feature_tests.c.o  -o cmTC_9ff62 
make[2]: Leaving directory '/home/py/linux_drivers/tinykernel-lab/build/CMakeFiles/CMakeTmp'
make[1]: Leaving directory '/home/py/linux_drivers/tinykernel-lab/build/CMakeFiles/CMakeTmp'


    Feature record: C_FEATURE:1c_function_prototypes
    Feature record: C_FEATURE:1c_restrict
    Feature record: C_FEATURE:0c_static_assert
    Feature record: C_FEATURE:1c_variadic_macros


Detecting C [-std=c90] compiler features compiled with the following output:
Change Dir: /home/py/linux_drivers/tinykernel-lab/build/CMakeFiles/CMakeTmp

Run Build Command:"/usr/bin/make" "cmTC_3c10d/fast"
make[1]: Entering directory '/home/py/linux_drivers/tinykernel-lab/build/CMakeFiles/CMakeTmp'
/usr/bin/make -f CMakeFiles/cmTC_3c10d.dir/build.make CMakeFiles/cmTC_3c10d.dir/build
make[2]: Entering directory '/home/py/linux_drivers/tinykernel-lab/build/CMakeFiles/CMakeTmp'
Building C object CMakeFiles/cmTC_3c10d.dir/feature_tests.c.o
/usr/local/arm/gcc-linaro-4.9.4-2017.01-x86_64_arm-linux-gnueabihf/bin/arm-linux-gnueabihf-gcc  --sysroot=/usr/local/arm/gcc-linaro-4.9.4-2017.01-x86_64_arm-linux-gnueabihf/arm-linux-gnueabihf/libc   -std=c90 -march=armv7-a -mtune=cortex-a7 -mfpu=neon -mfloat-abi=hard -o CMakeFiles/cmTC_3c10d.dir/feature_tests.c.o   -c /home/py/linux_drivers/tinykernel-lab/build/CMakeFiles/feature_tests.c
Linking C executable cmTC_3c10d
/usr/bin/cmake -E cmake_link_script CMakeFiles/cmTC_3c10d.dir/link.txt --verbose=1
/usr/local/arm/gcc-linaro-4.9.4-2017.01-x86_64_arm-linux-gnueabihf/bin/arm-linux-gnueabihf-gcc  --sysroot=/usr/local/arm/gcc-linaro-4.9.4-2017.01-x86_64_arm-linux-gnueabihf/arm-linux-gnueabihf/libc      CMakeFiles/cmTC_3c10d.dir/feature_tests.c.o  -o cmTC_3c10d 
make[2]: Leaving directory '/home/py/linux_drivers/tinykernel-lab/build/CMakeFiles/CMakeTmp'
make[1]: Leaving directory '/home/py/linux_drivers/tinykernel-lab/build/CMakeFiles/CMakeTmp'


    Feature record: C_FEATURE:1c_function_prototypes
    Feature record: C_FEATURE:0c_restrict
    Feature record: C_FEATURE:0c_static_assert
    Feature record: C_FEATURE:0c_variadic_macros
